Using pre-set license
Built from '2021.3/staging' branch; Version is '2021.3.15f1 (e8e88683f834) revision 15263878'; Using compiler version '192829333'; Build Type 'Release'
OS: 'Windows 10  (10.0.19045) 64bit Professional' Language: 'en' Physical Memory: 32712 MB
BatchMode: 1, IsHumanControllingUs: 0, StartBugReporterOnCrash: 0, Is64bit: 1, IsPro: 1

COMMAND LINE ARGUMENTS:
D:\programs\unity\unity itself\2021.3.15f1\Editor\Unity.exe
-adb2
-batchMode
-noUpm
-name
AssetImportWorker6
-projectPath
D:/uni/year 4/block 1-2/Future Design/Prototype/FutureDesign
-logFile
Logs/AssetImportWorker6.log
-srvPort
52302
Successfully changed project path to: D:/uni/year 4/block 1-2/Future Design/Prototype/FutureDesign
D:/uni/year 4/block 1-2/Future Design/Prototype/FutureDesign
[UnityMemory] Configuration Parameters - Can be set up in boot.config
    "memorysetup-bucket-allocator-granularity=16"
    "memorysetup-bucket-allocator-bucket-count=8"
    "memorysetup-bucket-allocator-block-size=33554432"
    "memorysetup-bucket-allocator-block-count=8"
    "memorysetup-main-allocator-block-size=16777216"
    "memorysetup-thread-allocator-block-size=16777216"
    "memorysetup-gfx-main-allocator-block-size=16777216"
    "memorysetup-gfx-thread-allocator-block-size=16777216"
    "memorysetup-cache-allocator-block-size=4194304"
    "memorysetup-typetree-allocator-block-size=2097152"
    "memorysetup-profiler-bucket-allocator-granularity=16"
    "memorysetup-profiler-bucket-allocator-bucket-count=8"
    "memorysetup-profiler-bucket-allocator-block-size=33554432"
    "memorysetup-profiler-bucket-allocator-block-count=8"
    "memorysetup-profiler-allocator-block-size=16777216"
    "memorysetup-profiler-editor-allocator-block-size=1048576"
    "memorysetup-temp-allocator-size-main=16777216"
    "memorysetup-job-temp-allocator-block-size=2097152"
    "memorysetup-job-temp-allocator-block-size-background=1048576"
    "memorysetup-job-temp-allocator-reduction-small-platforms=262144"
    "memorysetup-temp-allocator-size-background-worker=32768"
    "memorysetup-temp-allocator-size-job-worker=262144"
    "memorysetup-temp-allocator-size-preload-manager=33554432"
    "memorysetup-temp-allocator-size-nav-mesh-worker=65536"
    "memorysetup-temp-allocator-size-audio-worker=65536"
    "memorysetup-temp-allocator-size-cloud-worker=32768"
    "memorysetup-temp-allocator-size-gi-baking-worker=262144"
    "memorysetup-temp-allocator-size-gfx=262144"
Player connection [12364] Host "[IP] 192.168.178.10 [Port] 0 [Flags] 2 [Guid] 2070239791 [EditorId] 2070239791 [Version] 1048832 [Id] WindowsEditor(7,AlexPC) [Debug] 1 [PackageName] WindowsEditor [ProjectName] Editor" joined multi-casting on [225.0.0.222:54997]...

Player connection [12364] Host "[IP] 192.168.178.10 [Port] 0 [Flags] 2 [Guid] 2070239791 [EditorId] 2070239791 [Version] 1048832 [Id] WindowsEditor(7,AlexPC) [Debug] 1 [PackageName] WindowsEditor [ProjectName] Editor" joined alternative multi-casting on [225.0.0.222:34997]...

Refreshing native plugins compatible for Editor in 37.44 ms, found 2 plugins.
Preloading 0 native plugins for Editor in 0.00 ms.
Initialize engine version: 2021.3.15f1 (e8e88683f834)
[Subsystems] Discovering subsystems at path D:/programs/unity/unity itself/2021.3.15f1/Editor/Data/Resources/UnitySubsystems
[Subsystems] Discovering subsystems at path D:/uni/year 4/block 1-2/Future Design/Prototype/FutureDesign/Assets
GfxDevice: creating device client; threaded=0; jobified=0
Direct3D:
    Version:  Direct3D 11.0 [level 11.1]
    Renderer: NVIDIA GeForce GTX 1070 (ID=0x1b81)
    Vendor:   NVIDIA
    VRAM:     8081 MB
    Driver:   31.0.15.2698
Initialize mono
Mono path[0] = 'D:/programs/unity/unity itself/2021.3.15f1/Editor/Data/Managed'
Mono path[1] = 'D:/programs/unity/unity itself/2021.3.15f1/Editor/Data/MonoBleedingEdge/lib/mono/unityjit-win32'
Mono config path = 'D:/programs/unity/unity itself/2021.3.15f1/Editor/Data/MonoBleedingEdge/etc'
Using monoOptions --debugger-agent=transport=dt_socket,embedding=1,server=y,suspend=n,address=127.0.0.1:56924
Begin MonoManager ReloadAssembly
Registering precompiled unity dll's ...
Register platform support module: D:/programs/unity/unity itself/2021.3.15f1/Editor/Data/PlaybackEngines/AndroidPlayer/UnityEditor.Android.Extensions.dll
Register platform support module: D:/programs/unity/unity itself/2021.3.15f1/Editor/Data/PlaybackEngines/WindowsStandaloneSupport/UnityEditor.WindowsStandalone.Extensions.dll
Registered in 0.003394 seconds.
Native extension for WindowsStandalone target not found
Native extension for Android target not found
Refreshing native plugins compatible for Editor in 34.53 ms, found 2 plugins.
Preloading 0 native plugins for Editor in 0.00 ms.
Mono: successfully reloaded assembly
- Completed reload, in  0.545 seconds
Domain Reload Profiling:
	ReloadAssembly (546ms)
		BeginReloadAssembly (64ms)
			ExecutionOrderSort (0ms)
			DisableScriptedObjects (0ms)
			BackupInstance (0ms)
			ReleaseScriptingObjects (0ms)
			CreateAndSetChildDomain (1ms)
		EndReloadAssembly (387ms)
			LoadAssemblies (63ms)
			RebuildTransferFunctionScriptingTraits (0ms)
			SetupTypeCache (106ms)
			ReleaseScriptCaches (0ms)
			RebuildScriptCaches (24ms)
			SetupLoadedEditorAssemblies (214ms)
				LogAssemblyErrors (0ms)
				InitializePlatformSupportModulesInManaged (49ms)
				SetLoadedEditorAssemblies (0ms)
				RefreshPlugins (35ms)
				BeforeProcessingInitializeOnLoad (1ms)
				ProcessInitializeOnLoadAttributes (88ms)
				ProcessInitializeOnLoadMethodAttributes (41ms)
				AfterProcessingInitializeOnLoad (0ms)
				EditorAssembliesLoaded (0ms)
			ExecutionOrderSort2 (0ms)
			AwakeInstancesAfterBackupRestoration (0ms)
Platform modules already initialized, skipping
Registering precompiled user dll's ...
Registered in 0.003025 seconds.
Begin MonoManager ReloadAssembly
Native extension for WindowsStandalone target not found
Native extension for Android target not found
Refreshing native plugins compatible for Editor in 0.43 ms, found 2 plugins.
Preloading 0 native plugins for Editor in 0.00 ms.
Mono: successfully reloaded assembly
- Completed reload, in  0.863 seconds
Domain Reload Profiling:
	ReloadAssembly (864ms)
		BeginReloadAssembly (201ms)
			ExecutionOrderSort (0ms)
			DisableScriptedObjects (6ms)
			BackupInstance (0ms)
			ReleaseScriptingObjects (0ms)
			CreateAndSetChildDomain (119ms)
		EndReloadAssembly (566ms)
			LoadAssemblies (63ms)
			RebuildTransferFunctionScriptingTraits (0ms)
			SetupTypeCache (182ms)
			ReleaseScriptCaches (1ms)
			RebuildScriptCaches (40ms)
			SetupLoadedEditorAssemblies (255ms)
				LogAssemblyErrors (0ms)
				InitializePlatformSupportModulesInManaged (11ms)
				SetLoadedEditorAssemblies (0ms)
				RefreshPlugins (0ms)
				BeforeProcessingInitializeOnLoad (42ms)
				ProcessInitializeOnLoadAttributes (179ms)
				ProcessInitializeOnLoadMethodAttributes (20ms)
				AfterProcessingInitializeOnLoad (3ms)
				EditorAssembliesLoaded (0ms)
			ExecutionOrderSort2 (0ms)
			AwakeInstancesAfterBackupRestoration (5ms)
Platform modules already initialized, skipping
========================================================================
Worker process is ready to serve import requests
Launched and connected shader compiler UnityShaderCompiler.exe after 0.08 seconds
Refreshing native plugins compatible for Editor in 0.83 ms, found 2 plugins.
Preloading 0 native plugins for Editor in 0.00 ms.
Unloading 2382 Unused Serialized files (Serialized files now loaded: 0)
Unloading 36 unused Assets / (148.6 KB). Loaded Objects now: 2832.
Memory consumption went from 93.2 MB to 93.0 MB.
Total: 3.750800 ms (FindLiveObjects: 0.236700 ms CreateObjectMapping: 0.069500 ms MarkObjects: 3.311600 ms  DeleteObjects: 0.131600 ms)

AssetImportParameters requested are different than current active one (requested -> active):
  custom:video-decoder-ogg-theora: a1e56fd34408186e4bbccfd4996cb3dc -> 
  custom:container-muxer-webm: aa71ff27fc2769a1b78a27578f13a17b -> 
  custom:container-demuxer-webm: 4f35f7cbe854078d1ac9338744f61a02 -> 
  custom:video-encoder-webm-vp8: eb34c28f22e8b96e1ab97ce403110664 -> 
  custom:video-codec-MediaFoundation-h265: e54d7ab0439102e2317fc1e4b246158d -> 
  custom:audio-encoder-webm-vorbis: bf7c407c2cedff20999df2af8eb42d56 -> 
  custom:framework-win-MediaFoundation: 216162199b28c13a410421893ffa2e32 -> 
  custom:container-demuxer-ogg: 62fdf1f143b41e24485cea50d1cbac27 -> 
  custom:video-decoder-webm-vp8: 9c59270c3fd7afecdb556c50c9e8de78 -> 
  custom:audio-decoder-ogg-vorbis: bf7c407c2cedff20999df2af8eb42d56 -> 
========================================================================
Received Import Request.
  Time since last request: 5111.170987 seconds.
  path: Assets/ARDKExamples/Pong/Prefabs/Ball.prefab
  artifactKey: Guid(e2a253356ecde4552aa741855ff07e78) Importer(815301076,1909f56bfc062723c751e8b465ee728b)
Start importing Assets/ARDKExamples/Pong/Prefabs/Ball.prefab using Guid(e2a253356ecde4552aa741855ff07e78) Importer(815301076,1909f56bfc062723c751e8b465ee728b)  -> (artifact id: '51ffc8374fccba0037a902bffbe76e49') in 0.135934 seconds 
========================================================================
Received Import Request.
  Time since last request: 0.000031 seconds.
  path: Assets/ARDKExamples/Common/Prefabs/Yeti/Source/Shadow/Shadow.prefab
  artifactKey: Guid(f29113ad8c3204f28b1e7d0e1b5893a6) Importer(815301076,1909f56bfc062723c751e8b465ee728b)
Start importing Assets/ARDKExamples/Common/Prefabs/Yeti/Source/Shadow/Shadow.prefab using Guid(f29113ad8c3204f28b1e7d0e1b5893a6) Importer(815301076,1909f56bfc062723c751e8b465ee728b)  -> (artifact id: '3063f78914c4a3d412317fdaffde66b8') in 0.047481 seconds 
========================================================================
Received Import Request.
  Time since last request: 0.000039 seconds.
  path: Assets/ARDK/Extensions/Meshing/MeshChunk.prefab
  artifactKey: Guid(b79f4734d3e2462186a55d546e80cfb4) Importer(815301076,1909f56bfc062723c751e8b465ee728b)
Start importing Assets/ARDK/Extensions/Meshing/MeshChunk.prefab using Guid(b79f4734d3e2462186a55d546e80cfb4) Importer(815301076,1909f56bfc062723c751e8b465ee728b)  -> (artifact id: '343d3fbb34c5bd3e185d85949dbd780c') in 0.011640 seconds 
========================================================================
Received Import Request.
  Time since last request: 0.000025 seconds.
  path: Assets/ARDK/Extensions/Gameboard/GameboardMeshChunk.prefab
  artifactKey: Guid(d0183eaba3a4c44e9aafc695278e1e9d) Importer(815301076,1909f56bfc062723c751e8b465ee728b)
Start importing Assets/ARDK/Extensions/Gameboard/GameboardMeshChunk.prefab using Guid(d0183eaba3a4c44e9aafc695278e1e9d) Importer(815301076,1909f56bfc062723c751e8b465ee728b)  -> (artifact id: '2016933d004c104e050e5d4cfa547185') in 0.008783 seconds 
========================================================================
Received Import Request.
  Time since last request: 0.000027 seconds.
  path: Assets/ARDKExamples/Pong/Prefabs/Player 1.prefab
  artifactKey: Guid(3495038ca635a45c29402826cbab2ffe) Importer(815301076,1909f56bfc062723c751e8b465ee728b)
Start importing Assets/ARDKExamples/Pong/Prefabs/Player 1.prefab using Guid(3495038ca635a45c29402826cbab2ffe) Importer(815301076,1909f56bfc062723c751e8b465ee728b)  -> (artifact id: '84f261db43f5f4d554f2209a900cd030') in 0.012439 seconds 
========================================================================
Received Import Request.
  Time since last request: 0.000020 seconds.
  path: Assets/ARDKExamples/Common/Helpers/Networking/PlayerColor.prefab
  artifactKey: Guid(aef5d296fd1f84f2eb9b70b9248fbdc6) Importer(815301076,1909f56bfc062723c751e8b465ee728b)
Start importing Assets/ARDKExamples/Common/Helpers/Networking/PlayerColor.prefab using Guid(aef5d296fd1f84f2eb9b70b9248fbdc6) Importer(815301076,1909f56bfc062723c751e8b465ee728b)  -> (artifact id: '0ee245cc69b67d9860b1149063d65123') in 0.013620 seconds 
========================================================================
Received Import Request.
  Time since last request: 0.000030 seconds.
  path: Assets/ARDKExamples/PongHLAPI/Prefabs/Tabletop.prefab
  artifactKey: Guid(515fc5a3d7d444278886f0ab63297e23) Importer(815301076,1909f56bfc062723c751e8b465ee728b)
Start importing Assets/ARDKExamples/PongHLAPI/Prefabs/Tabletop.prefab using Guid(515fc5a3d7d444278886f0ab63297e23) Importer(815301076,1909f56bfc062723c751e8b465ee728b)  -> (artifact id: 'fdb2c12fa0a192064f2b2cc0c0dda378') in 0.025084 seconds 
========================================================================
Received Import Request.
  Time since last request: 0.000038 seconds.
  path: Assets/ARDKExamples/Common/Helpers/Networking/SyncStatusDisplay.prefab
  artifactKey: Guid(def2b0297918e4d19b2f3fc8592159d8) Importer(815301076,1909f56bfc062723c751e8b465ee728b)
Start importing Assets/ARDKExamples/Common/Helpers/Networking/SyncStatusDisplay.prefab using Guid(def2b0297918e4d19b2f3fc8592159d8) Importer(815301076,1909f56bfc062723c751e8b465ee728b)  -> (artifact id: 'a7066b12e74d0d47ce91d42dd7909b9a') in 0.019837 seconds 
========================================================================
Received Import Request.
  Time since last request: 0.000030 seconds.
  path: Assets/ARDKExamples/Pong/Prefabs/ConnectedIndicatorImage.prefab
  artifactKey: Guid(7dc902ee5027649ecbc543afc4230504) Importer(815301076,1909f56bfc062723c751e8b465ee728b)
Start importing Assets/ARDKExamples/Pong/Prefabs/ConnectedIndicatorImage.prefab using Guid(7dc902ee5027649ecbc543afc4230504) Importer(815301076,1909f56bfc062723c751e8b465ee728b)  -> (artifact id: '8e11219d623b5d620b2ee7f007aea54d') in 0.005405 seconds 
========================================================================
Received Import Request.
  Time since last request: 0.000027 seconds.
  path: Assets/ARDKExamples/Pong/Prefabs/Tabletop.prefab
  artifactKey: Guid(b4c5c2d6ee3814a8882076f39a397d6d) Importer(815301076,1909f56bfc062723c751e8b465ee728b)
Start importing Assets/ARDKExamples/Pong/Prefabs/Tabletop.prefab using Guid(b4c5c2d6ee3814a8882076f39a397d6d) Importer(815301076,1909f56bfc062723c751e8b465ee728b)  -> (artifact id: 'd9cc864a54a30fdac0d013dc2c528628') in 0.011029 seconds 
========================================================================
Received Import Request.
  Time since last request: 0.000023 seconds.
  path: Assets/ARDKExamples/PongHLAPI/Prefabs/Player 1.prefab
  artifactKey: Guid(c562164b550944faab60f61b45f90e84) Importer(815301076,1909f56bfc062723c751e8b465ee728b)
Start importing Assets/ARDKExamples/PongHLAPI/Prefabs/Player 1.prefab using Guid(c562164b550944faab60f61b45f90e84) Importer(815301076,1909f56bfc062723c751e8b465ee728b)  -> (artifact id: '38d8f9bc50d2a690c367bcb73221d3be') in 0.008028 seconds 
========================================================================
Received Import Request.
  Time since last request: 0.000027 seconds.
  path: Assets/ARDKExamples/Common/Helpers/Networking/SyncStateTrackedPeer.prefab
  artifactKey: Guid(f314239e2accd49d8a5249bea43e31d6) Importer(815301076,1909f56bfc062723c751e8b465ee728b)
Start importing Assets/ARDKExamples/Common/Helpers/Networking/SyncStateTrackedPeer.prefab using Guid(f314239e2accd49d8a5249bea43e31d6) Importer(815301076,1909f56bfc062723c751e8b465ee728b)  -> (artifact id: '9514603c4531854525ec5d15d0d86424') in 0.013631 seconds 
Editor requested this worker to shutdown with reason: Scaling down because of idle timeout
AssetImportWorker is now disconnected from the server
Process exiting
Exiting without the bug reporter. Application will terminate with return code 0