Using pre-set license
Built from '2021.3/staging' branch; Version is '2021.3.15f1 (e8e88683f834) revision 15263878'; Using compiler version '192829333'; Build Type 'Release'
OS: 'Windows 10  (10.0.19045) 64bit Professional' Language: 'en' Physical Memory: 32712 MB
BatchMode: 1, IsHumanControllingUs: 0, StartBugReporterOnCrash: 0, Is64bit: 1, IsPro: 1

COMMAND LINE ARGUMENTS:
D:\programs\unity\unity itself\2021.3.15f1\Editor\Unity.exe
-adb2
-batchMode
-noUpm
-name
AssetImportWorker0
-projectPath
D:/uni/year 4/block 1-2/Future Design/Prototype/FutureDesign
-logFile
Logs/AssetImportWorker0.log
-srvPort
52302
Successfully changed project path to: D:/uni/year 4/block 1-2/Future Design/Prototype/FutureDesign
D:/uni/year 4/block 1-2/Future Design/Prototype/FutureDesign
[UnityMemory] Configuration Parameters - Can be set up in boot.config
    "memorysetup-bucket-allocator-granularity=16"
    "memorysetup-bucket-allocator-bucket-count=8"
    "memorysetup-bucket-allocator-block-size=33554432"
    "memorysetup-bucket-allocator-block-count=8"
    "memorysetup-main-allocator-block-size=16777216"
    "memorysetup-thread-allocator-block-size=16777216"
    "memorysetup-gfx-main-allocator-block-size=16777216"
    "memorysetup-gfx-thread-allocator-block-size=16777216"
    "memorysetup-cache-allocator-block-size=4194304"
    "memorysetup-typetree-allocator-block-size=2097152"
    "memorysetup-profiler-bucket-allocator-granularity=16"
    "memorysetup-profiler-bucket-allocator-bucket-count=8"
    "memorysetup-profiler-bucket-allocator-block-size=33554432"
    "memorysetup-profiler-bucket-allocator-block-count=8"
    "memorysetup-profiler-allocator-block-size=16777216"
    "memorysetup-profiler-editor-allocator-block-size=1048576"
    "memorysetup-temp-allocator-size-main=16777216"
    "memorysetup-job-temp-allocator-block-size=2097152"
    "memorysetup-job-temp-allocator-block-size-background=1048576"
    "memorysetup-job-temp-allocator-reduction-small-platforms=262144"
    "memorysetup-temp-allocator-size-background-worker=32768"
    "memorysetup-temp-allocator-size-job-worker=262144"
    "memorysetup-temp-allocator-size-preload-manager=33554432"
    "memorysetup-temp-allocator-size-nav-mesh-worker=65536"
    "memorysetup-temp-allocator-size-audio-worker=65536"
    "memorysetup-temp-allocator-size-cloud-worker=32768"
    "memorysetup-temp-allocator-size-gi-baking-worker=262144"
    "memorysetup-temp-allocator-size-gfx=262144"
Player connection [12552] Host "[IP] 192.168.178.10 [Port] 0 [Flags] 2 [Guid] 2739679402 [EditorId] 2739679402 [Version] 1048832 [Id] WindowsEditor(7,AlexPC) [Debug] 1 [PackageName] WindowsEditor [ProjectName] Editor" joined multi-casting on [225.0.0.222:54997]...

Player connection [12552] Host "[IP] 192.168.178.10 [Port] 0 [Flags] 2 [Guid] 2739679402 [EditorId] 2739679402 [Version] 1048832 [Id] WindowsEditor(7,AlexPC) [Debug] 1 [PackageName] WindowsEditor [ProjectName] Editor" joined alternative multi-casting on [225.0.0.222:34997]...

Refreshing native plugins compatible for Editor in 32.67 ms, found 2 plugins.
Preloading 0 native plugins for Editor in 0.00 ms.
Initialize engine version: 2021.3.15f1 (e8e88683f834)
[Subsystems] Discovering subsystems at path D:/programs/unity/unity itself/2021.3.15f1/Editor/Data/Resources/UnitySubsystems
[Subsystems] Discovering subsystems at path D:/uni/year 4/block 1-2/Future Design/Prototype/FutureDesign/Assets
GfxDevice: creating device client; threaded=0; jobified=0
Direct3D:
    Version:  Direct3D 11.0 [level 11.1]
    Renderer: NVIDIA GeForce GTX 1070 (ID=0x1b81)
    Vendor:   NVIDIA
    VRAM:     8081 MB
    Driver:   31.0.15.2698
Initialize mono
Mono path[0] = 'D:/programs/unity/unity itself/2021.3.15f1/Editor/Data/Managed'
Mono path[1] = 'D:/programs/unity/unity itself/2021.3.15f1/Editor/Data/MonoBleedingEdge/lib/mono/unityjit-win32'
Mono config path = 'D:/programs/unity/unity itself/2021.3.15f1/Editor/Data/MonoBleedingEdge/etc'
Using monoOptions --debugger-agent=transport=dt_socket,embedding=1,server=y,suspend=n,address=127.0.0.1:56304
Begin MonoManager ReloadAssembly
Registering precompiled unity dll's ...
Register platform support module: D:/programs/unity/unity itself/2021.3.15f1/Editor/Data/PlaybackEngines/AndroidPlayer/UnityEditor.Android.Extensions.dll
Register platform support module: D:/programs/unity/unity itself/2021.3.15f1/Editor/Data/PlaybackEngines/WindowsStandaloneSupport/UnityEditor.WindowsStandalone.Extensions.dll
Registered in 0.006515 seconds.
Native extension for WindowsStandalone target not found
Native extension for Android target not found
Refreshing native plugins compatible for Editor in 36.60 ms, found 2 plugins.
Preloading 0 native plugins for Editor in 0.00 ms.
Mono: successfully reloaded assembly
- Completed reload, in  0.533 seconds
Domain Reload Profiling:
	ReloadAssembly (533ms)
		BeginReloadAssembly (63ms)
			ExecutionOrderSort (0ms)
			DisableScriptedObjects (0ms)
			BackupInstance (0ms)
			ReleaseScriptingObjects (0ms)
			CreateAndSetChildDomain (1ms)
		EndReloadAssembly (370ms)
			LoadAssemblies (62ms)
			RebuildTransferFunctionScriptingTraits (0ms)
			SetupTypeCache (97ms)
			ReleaseScriptCaches (0ms)
			RebuildScriptCaches (23ms)
			SetupLoadedEditorAssemblies (209ms)
				LogAssemblyErrors (0ms)
				InitializePlatformSupportModulesInManaged (46ms)
				SetLoadedEditorAssemblies (0ms)
				RefreshPlugins (37ms)
				BeforeProcessingInitializeOnLoad (1ms)
				ProcessInitializeOnLoadAttributes (86ms)
				ProcessInitializeOnLoadMethodAttributes (39ms)
				AfterProcessingInitializeOnLoad (0ms)
				EditorAssembliesLoaded (0ms)
			ExecutionOrderSort2 (0ms)
			AwakeInstancesAfterBackupRestoration (0ms)
Platform modules already initialized, skipping
Registering precompiled user dll's ...
Registered in 0.003055 seconds.
Begin MonoManager ReloadAssembly
Native extension for WindowsStandalone target not found
Native extension for Android target not found
Refreshing native plugins compatible for Editor in 0.51 ms, found 2 plugins.
Preloading 0 native plugins for Editor in 0.00 ms.
Mono: successfully reloaded assembly
- Completed reload, in  0.877 seconds
Domain Reload Profiling:
	ReloadAssembly (878ms)
		BeginReloadAssembly (199ms)
			ExecutionOrderSort (0ms)
			DisableScriptedObjects (7ms)
			BackupInstance (0ms)
			ReleaseScriptingObjects (0ms)
			CreateAndSetChildDomain (120ms)
		EndReloadAssembly (583ms)
			LoadAssemblies (58ms)
			RebuildTransferFunctionScriptingTraits (0ms)
			SetupTypeCache (175ms)
			ReleaseScriptCaches (1ms)
			RebuildScriptCaches (35ms)
			SetupLoadedEditorAssemblies (284ms)
				LogAssemblyErrors (0ms)
				InitializePlatformSupportModulesInManaged (11ms)
				SetLoadedEditorAssemblies (0ms)
				RefreshPlugins (1ms)
				BeforeProcessingInitializeOnLoad (42ms)
				ProcessInitializeOnLoadAttributes (207ms)
				ProcessInitializeOnLoadMethodAttributes (21ms)
				AfterProcessingInitializeOnLoad (3ms)
				EditorAssembliesLoaded (0ms)
			ExecutionOrderSort2 (0ms)
			AwakeInstancesAfterBackupRestoration (5ms)
Platform modules already initialized, skipping
========================================================================
Worker process is ready to serve import requests
Launched and connected shader compiler UnityShaderCompiler.exe after 0.04 seconds
Refreshing native plugins compatible for Editor in 0.58 ms, found 2 plugins.
Preloading 0 native plugins for Editor in 0.00 ms.
Unloading 2326 Unused Serialized files (Serialized files now loaded: 0)
Unloading 36 unused Assets / (148.3 KB). Loaded Objects now: 2776.
Memory consumption went from 91.4 MB to 91.3 MB.
Total: 2.674300 ms (FindLiveObjects: 0.214300 ms CreateObjectMapping: 0.058400 ms MarkObjects: 2.298500 ms  DeleteObjects: 0.102000 ms)

AssetImportParameters requested are different than current active one (requested -> active):
  custom:video-decoder-ogg-theora: a1e56fd34408186e4bbccfd4996cb3dc -> 
  custom:container-muxer-webm: aa71ff27fc2769a1b78a27578f13a17b -> 
  custom:container-demuxer-webm: 4f35f7cbe854078d1ac9338744f61a02 -> 
  custom:video-encoder-webm-vp8: eb34c28f22e8b96e1ab97ce403110664 -> 
  custom:video-codec-MediaFoundation-h265: e54d7ab0439102e2317fc1e4b246158d -> 
  custom:audio-encoder-webm-vorbis: bf7c407c2cedff20999df2af8eb42d56 -> 
  custom:framework-win-MediaFoundation: 216162199b28c13a410421893ffa2e32 -> 
  custom:container-demuxer-ogg: 62fdf1f143b41e24485cea50d1cbac27 -> 
  custom:video-decoder-webm-vp8: 9c59270c3fd7afecdb556c50c9e8de78 -> 
  custom:audio-decoder-ogg-vorbis: bf7c407c2cedff20999df2af8eb42d56 -> 
========================================================================
Received Import Request.
  Time since last request: 3754.122146 seconds.
  path: Assets/Scenes/Scenes
  artifactKey: Guid(0013f82ca479c11469c5f1b1697e7722) Importer(815301076,1909f56bfc062723c751e8b465ee728b)
Start importing Assets/Scenes/Scenes using Guid(0013f82ca479c11469c5f1b1697e7722) Importer(815301076,1909f56bfc062723c751e8b465ee728b)  -> (artifact id: '665c3956d3b7734644192183ef2686e0') in 0.008451 seconds 
========================================================================
Received Import Request.
  Time since last request: 5.644091 seconds.
  path: Assets/Scenes/Placement
  artifactKey: Guid(0013f82ca479c11469c5f1b1697e7722) Importer(815301076,1909f56bfc062723c751e8b465ee728b)
Start importing Assets/Scenes/Placement using Guid(0013f82ca479c11469c5f1b1697e7722) Importer(815301076,1909f56bfc062723c751e8b465ee728b)  -> (artifact id: '1af48405369d4b727cb08d7615a3de56') in 0.004592 seconds 
========================================================================
Received Import Request.
  Time since last request: 14.263866 seconds.
  path: Assets/Scenes/Placement/Placement.unity
  artifactKey: Guid(57a7a966484caf44cade5b744c9160fe) Importer(815301076,1909f56bfc062723c751e8b465ee728b)
Start importing Assets/Scenes/Placement/Placement.unity using Guid(57a7a966484caf44cade5b744c9160fe) Importer(815301076,1909f56bfc062723c751e8b465ee728b)  -> (artifact id: '0e59974ce30ae02572ca6b73f7cffa85') in 0.004960 seconds 
========================================================================
Received Import Request.
  Time since last request: 245.048551 seconds.
  path: Assets/ARDK/Extensions/Planefinding/DebugPlane.prefab
  artifactKey: Guid(4acc747cb290c4a2ab62bc6239fee1b2) Importer(815301076,1909f56bfc062723c751e8b465ee728b)
Start importing Assets/ARDK/Extensions/Planefinding/DebugPlane.prefab using Guid(4acc747cb290c4a2ab62bc6239fee1b2) Importer(815301076,1909f56bfc062723c751e8b465ee728b)  -> (artifact id: 'f290f6fb50bfdec73b49459f0e98f6ff') in 0.089154 seconds 
========================================================================
Received Import Request.
  Time since last request: 0.000018 seconds.
  path: Assets/ARDK/Extensions/Planefinding/PlaneRenderer.prefab
  artifactKey: Guid(f743302a2f9034b29bb74934bb56402b) Importer(815301076,1909f56bfc062723c751e8b465ee728b)
Start importing Assets/ARDK/Extensions/Planefinding/PlaneRenderer.prefab using Guid(f743302a2f9034b29bb74934bb56402b) Importer(815301076,1909f56bfc062723c751e8b465ee728b)  -> (artifact id: '3fa81401dfc6f8dfb1f5cc573f137c12') in 0.008123 seconds 
========================================================================
Received Import Request.
  Time since last request: 9.736738 seconds.
  path: Assets/ARDK/Extensions/Prefabs/ARCameraPositionHistory.prefab
  artifactKey: Guid(628426794e4144aeae64e95766e3e760) Importer(815301076,1909f56bfc062723c751e8b465ee728b)
Start importing Assets/ARDK/Extensions/Prefabs/ARCameraPositionHistory.prefab using Guid(628426794e4144aeae64e95766e3e760) Importer(815301076,1909f56bfc062723c751e8b465ee728b)  -> (artifact id: '035dcca0ec13404d2f66804bdf9a96e1') in 0.011192 seconds 
========================================================================
Received Import Request.
  Time since last request: 0.011749 seconds.
  path: Assets/ARDK/Extensions/Prefabs/ARSceneCamera.prefab
  artifactKey: Guid(924a7268bfe9947e095cce9a99ed0458) Importer(815301076,1909f56bfc062723c751e8b465ee728b)
Start importing Assets/ARDK/Extensions/Prefabs/ARSceneCamera.prefab using Guid(924a7268bfe9947e095cce9a99ed0458) Importer(815301076,1909f56bfc062723c751e8b465ee728b)  -> (artifact id: '16b6a8b22be502a40fb3daec135e4512') in 0.008457 seconds 
========================================================================
Received Import Request.
  Time since last request: 0.000021 seconds.
  path: Assets/ARDK/Extensions/Prefabs/ARNetworkingSceneManager.prefab
  artifactKey: Guid(903492e152bd34b2b8e964fe195297e8) Importer(815301076,1909f56bfc062723c751e8b465ee728b)
Start importing Assets/ARDK/Extensions/Prefabs/ARNetworkingSceneManager.prefab using Guid(903492e152bd34b2b8e964fe195297e8) Importer(815301076,1909f56bfc062723c751e8b465ee728b)  -> (artifact id: '2d5cbdb5b37269f1ea4146d8bbdcd2d5') in 0.010348 seconds 
========================================================================
Received Import Request.
  Time since last request: 0.000020 seconds.
  path: Assets/ARDK/Extensions/Meshing/ARMesh.prefab
  artifactKey: Guid(9f82ecc5afc3c4c2695d9cf37d46f25c) Importer(815301076,1909f56bfc062723c751e8b465ee728b)
Start importing Assets/ARDK/Extensions/Meshing/ARMesh.prefab using Guid(9f82ecc5afc3c4c2695d9cf37d46f25c) Importer(815301076,1909f56bfc062723c751e8b465ee728b)  -> (artifact id: 'd7e04a92eae5b9cf6a0398881885572e') in 0.008536 seconds 
========================================================================
Received Import Request.
  Time since last request: 0.000022 seconds.
  path: Assets/ARDK/Extensions/MapVisualization/ARMapVisualizationRenderer.prefab
  artifactKey: Guid(1317ae0933d8e4a1798c6426f600fcad) Importer(815301076,1909f56bfc062723c751e8b465ee728b)
Start importing Assets/ARDK/Extensions/MapVisualization/ARMapVisualizationRenderer.prefab using Guid(1317ae0933d8e4a1798c6426f600fcad) Importer(815301076,1909f56bfc062723c751e8b465ee728b)  -> (artifact id: '6701ff47951681cde42f38d59e94213a') in 0.009235 seconds 
========================================================================
Received Import Request.
  Time since last request: 0.000024 seconds.
  path: Assets/ARDK/Extensions/Prefabs/ARSceneManager.prefab
  artifactKey: Guid(e91d6d15f11cc4ad29bb1a41ae9aa381) Importer(815301076,1909f56bfc062723c751e8b465ee728b)
Start importing Assets/ARDK/Extensions/Prefabs/ARSceneManager.prefab using Guid(e91d6d15f11cc4ad29bb1a41ae9aa381) Importer(815301076,1909f56bfc062723c751e8b465ee728b)  -> (artifact id: 'f4250075a606f0583ef703b943746191') in 0.006782 seconds 
Editor requested this worker to shutdown with reason: Scaling down because of idle timeout
AssetImportWorker is now disconnected from the server
Process exiting
Exiting without the bug reporter. Application will terminate with return code 0