Using pre-set license
Built from '2021.3/staging' branch; Version is '2021.3.15f1 (e8e88683f834) revision 15263878'; Using compiler version '192829333'; Build Type 'Release'
OS: 'Windows 10  (10.0.19045) 64bit Professional' Language: 'en' Physical Memory: 32712 MB
BatchMode: 1, IsHumanControllingUs: 0, StartBugReporterOnCrash: 0, Is64bit: 1, IsPro: 1

COMMAND LINE ARGUMENTS:
D:\programs\unity\unity itself\2021.3.15f1\Editor\Unity.exe
-adb2
-batchMode
-noUpm
-name
AssetImportWorker4
-projectPath
D:/uni/year 4/block 1-2/Future Design/Prototype/FutureDesign
-logFile
Logs/AssetImportWorker4.log
-srvPort
52302
Successfully changed project path to: D:/uni/year 4/block 1-2/Future Design/Prototype/FutureDesign
D:/uni/year 4/block 1-2/Future Design/Prototype/FutureDesign
[UnityMemory] Configuration Parameters - Can be set up in boot.config
    "memorysetup-bucket-allocator-granularity=16"
    "memorysetup-bucket-allocator-bucket-count=8"
    "memorysetup-bucket-allocator-block-size=33554432"
    "memorysetup-bucket-allocator-block-count=8"
    "memorysetup-main-allocator-block-size=16777216"
    "memorysetup-thread-allocator-block-size=16777216"
    "memorysetup-gfx-main-allocator-block-size=16777216"
    "memorysetup-gfx-thread-allocator-block-size=16777216"
    "memorysetup-cache-allocator-block-size=4194304"
    "memorysetup-typetree-allocator-block-size=2097152"
    "memorysetup-profiler-bucket-allocator-granularity=16"
    "memorysetup-profiler-bucket-allocator-bucket-count=8"
    "memorysetup-profiler-bucket-allocator-block-size=33554432"
    "memorysetup-profiler-bucket-allocator-block-count=8"
    "memorysetup-profiler-allocator-block-size=16777216"
    "memorysetup-profiler-editor-allocator-block-size=1048576"
    "memorysetup-temp-allocator-size-main=16777216"
    "memorysetup-job-temp-allocator-block-size=2097152"
    "memorysetup-job-temp-allocator-block-size-background=1048576"
    "memorysetup-job-temp-allocator-reduction-small-platforms=262144"
    "memorysetup-temp-allocator-size-background-worker=32768"
    "memorysetup-temp-allocator-size-job-worker=262144"
    "memorysetup-temp-allocator-size-preload-manager=33554432"
    "memorysetup-temp-allocator-size-nav-mesh-worker=65536"
    "memorysetup-temp-allocator-size-audio-worker=65536"
    "memorysetup-temp-allocator-size-cloud-worker=32768"
    "memorysetup-temp-allocator-size-gi-baking-worker=262144"
    "memorysetup-temp-allocator-size-gfx=262144"
Player connection [18060] Host "[IP] 192.168.178.10 [Port] 0 [Flags] 2 [Guid] 1106966153 [EditorId] 1106966153 [Version] 1048832 [Id] WindowsEditor(7,AlexPC) [Debug] 1 [PackageName] WindowsEditor [ProjectName] Editor" joined multi-casting on [225.0.0.222:54997]...

Player connection [18060] Host "[IP] 192.168.178.10 [Port] 0 [Flags] 2 [Guid] 1106966153 [EditorId] 1106966153 [Version] 1048832 [Id] WindowsEditor(7,AlexPC) [Debug] 1 [PackageName] WindowsEditor [ProjectName] Editor" joined alternative multi-casting on [225.0.0.222:34997]...

Refreshing native plugins compatible for Editor in 33.42 ms, found 2 plugins.
Preloading 0 native plugins for Editor in 0.00 ms.
Initialize engine version: 2021.3.15f1 (e8e88683f834)
[Subsystems] Discovering subsystems at path D:/programs/unity/unity itself/2021.3.15f1/Editor/Data/Resources/UnitySubsystems
[Subsystems] Discovering subsystems at path D:/uni/year 4/block 1-2/Future Design/Prototype/FutureDesign/Assets
GfxDevice: creating device client; threaded=0; jobified=0
Direct3D:
    Version:  Direct3D 11.0 [level 11.1]
    Renderer: NVIDIA GeForce GTX 1070 (ID=0x1b81)
    Vendor:   NVIDIA
    VRAM:     8081 MB
    Driver:   31.0.15.2698
Initialize mono
Mono path[0] = 'D:/programs/unity/unity itself/2021.3.15f1/Editor/Data/Managed'
Mono path[1] = 'D:/programs/unity/unity itself/2021.3.15f1/Editor/Data/MonoBleedingEdge/lib/mono/unityjit-win32'
Mono config path = 'D:/programs/unity/unity itself/2021.3.15f1/Editor/Data/MonoBleedingEdge/etc'
Using monoOptions --debugger-agent=transport=dt_socket,embedding=1,server=y,suspend=n,address=127.0.0.1:56976
Begin MonoManager ReloadAssembly
Registering precompiled unity dll's ...
Register platform support module: D:/programs/unity/unity itself/2021.3.15f1/Editor/Data/PlaybackEngines/AndroidPlayer/UnityEditor.Android.Extensions.dll
Register platform support module: D:/programs/unity/unity itself/2021.3.15f1/Editor/Data/PlaybackEngines/WindowsStandaloneSupport/UnityEditor.WindowsStandalone.Extensions.dll
Registered in 0.003263 seconds.
Native extension for WindowsStandalone target not found
Native extension for Android target not found
Refreshing native plugins compatible for Editor in 32.97 ms, found 2 plugins.
Preloading 0 native plugins for Editor in 0.00 ms.
Mono: successfully reloaded assembly
- Completed reload, in  0.518 seconds
Domain Reload Profiling:
	ReloadAssembly (518ms)
		BeginReloadAssembly (66ms)
			ExecutionOrderSort (0ms)
			DisableScriptedObjects (0ms)
			BackupInstance (0ms)
			ReleaseScriptingObjects (0ms)
			CreateAndSetChildDomain (1ms)
		EndReloadAssembly (362ms)
			LoadAssemblies (65ms)
			RebuildTransferFunctionScriptingTraits (0ms)
			SetupTypeCache (92ms)
			ReleaseScriptCaches (0ms)
			RebuildScriptCaches (22ms)
			SetupLoadedEditorAssemblies (208ms)
				LogAssemblyErrors (0ms)
				InitializePlatformSupportModulesInManaged (49ms)
				SetLoadedEditorAssemblies (0ms)
				RefreshPlugins (33ms)
				BeforeProcessingInitializeOnLoad (1ms)
				ProcessInitializeOnLoadAttributes (86ms)
				ProcessInitializeOnLoadMethodAttributes (38ms)
				AfterProcessingInitializeOnLoad (0ms)
				EditorAssembliesLoaded (0ms)
			ExecutionOrderSort2 (0ms)
			AwakeInstancesAfterBackupRestoration (0ms)
Platform modules already initialized, skipping
Registering precompiled user dll's ...
Registered in 0.002972 seconds.
Begin MonoManager ReloadAssembly
Native extension for WindowsStandalone target not found
Native extension for Android target not found
Refreshing native plugins compatible for Editor in 0.52 ms, found 2 plugins.
Preloading 0 native plugins for Editor in 0.00 ms.
Mono: successfully reloaded assembly
- Completed reload, in  0.867 seconds
Domain Reload Profiling:
	ReloadAssembly (868ms)
		BeginReloadAssembly (207ms)
			ExecutionOrderSort (0ms)
			DisableScriptedObjects (5ms)
			BackupInstance (0ms)
			ReleaseScriptingObjects (0ms)
			CreateAndSetChildDomain (126ms)
		EndReloadAssembly (561ms)
			LoadAssemblies (64ms)
			RebuildTransferFunctionScriptingTraits (0ms)
			SetupTypeCache (177ms)
			ReleaseScriptCaches (1ms)
			RebuildScriptCaches (39ms)
			SetupLoadedEditorAssemblies (254ms)
				LogAssemblyErrors (0ms)
				InitializePlatformSupportModulesInManaged (11ms)
				SetLoadedEditorAssemblies (0ms)
				RefreshPlugins (1ms)
				BeforeProcessingInitializeOnLoad (41ms)
				ProcessInitializeOnLoadAttributes (178ms)
				ProcessInitializeOnLoadMethodAttributes (20ms)
				AfterProcessingInitializeOnLoad (3ms)
				EditorAssembliesLoaded (0ms)
			ExecutionOrderSort2 (0ms)
			AwakeInstancesAfterBackupRestoration (5ms)
Platform modules already initialized, skipping
========================================================================
Worker process is ready to serve import requests
Launched and connected shader compiler UnityShaderCompiler.exe after 0.04 seconds
Refreshing native plugins compatible for Editor in 0.52 ms, found 2 plugins.
Preloading 0 native plugins for Editor in 0.00 ms.
Unloading 2382 Unused Serialized files (Serialized files now loaded: 0)
Unloading 36 unused Assets / (148.3 KB). Loaded Objects now: 2832.
Memory consumption went from 93.1 MB to 93.0 MB.
Total: 3.664600 ms (FindLiveObjects: 0.197000 ms CreateObjectMapping: 0.054700 ms MarkObjects: 3.285200 ms  DeleteObjects: 0.126500 ms)

AssetImportParameters requested are different than current active one (requested -> active):
  custom:video-decoder-ogg-theora: a1e56fd34408186e4bbccfd4996cb3dc -> 
  custom:container-muxer-webm: aa71ff27fc2769a1b78a27578f13a17b -> 
  custom:container-demuxer-webm: 4f35f7cbe854078d1ac9338744f61a02 -> 
  custom:video-encoder-webm-vp8: eb34c28f22e8b96e1ab97ce403110664 -> 
  custom:video-codec-MediaFoundation-h265: e54d7ab0439102e2317fc1e4b246158d -> 
  custom:audio-encoder-webm-vorbis: bf7c407c2cedff20999df2af8eb42d56 -> 
  custom:framework-win-MediaFoundation: 216162199b28c13a410421893ffa2e32 -> 
  custom:container-demuxer-ogg: 62fdf1f143b41e24485cea50d1cbac27 -> 
  custom:video-decoder-webm-vp8: 9c59270c3fd7afecdb556c50c9e8de78 -> 
  custom:audio-decoder-ogg-vorbis: bf7c407c2cedff20999df2af8eb42d56 -> 
========================================================================
Received Prepare
Registering precompiled user dll's ...
Registered in 0.002980 seconds.
Begin MonoManager ReloadAssembly
Native extension for WindowsStandalone target not found
Native extension for Android target not found
Refreshing native plugins compatible for Editor in 0.83 ms, found 2 plugins.
Preloading 0 native plugins for Editor in 0.00 ms.
Mono: successfully reloaded assembly
- Completed reload, in  0.794 seconds
Domain Reload Profiling:
	ReloadAssembly (795ms)
		BeginReloadAssembly (107ms)
			ExecutionOrderSort (0ms)
			DisableScriptedObjects (5ms)
			BackupInstance (0ms)
			ReleaseScriptingObjects (0ms)
			CreateAndSetChildDomain (28ms)
		EndReloadAssembly (606ms)
			LoadAssemblies (61ms)
			RebuildTransferFunctionScriptingTraits (0ms)
			SetupTypeCache (180ms)
			ReleaseScriptCaches (2ms)
			RebuildScriptCaches (41ms)
			SetupLoadedEditorAssemblies (281ms)
				LogAssemblyErrors (0ms)
				InitializePlatformSupportModulesInManaged (19ms)
				SetLoadedEditorAssemblies (0ms)
				RefreshPlugins (1ms)
				BeforeProcessingInitializeOnLoad (50ms)
				ProcessInitializeOnLoadAttributes (183ms)
				ProcessInitializeOnLoadMethodAttributes (25ms)
				AfterProcessingInitializeOnLoad (3ms)
				EditorAssembliesLoaded (0ms)
			ExecutionOrderSort2 (0ms)
			AwakeInstancesAfterBackupRestoration (5ms)
Platform modules already initialized, skipping
Refreshing native plugins compatible for Editor in 1.99 ms, found 2 plugins.
Preloading 0 native plugins for Editor in 0.00 ms.
Unloading 2360 Unused Serialized files (Serialized files now loaded: 0)
Unloading 29 unused Assets / (130.2 KB). Loaded Objects now: 2835.
Memory consumption went from 91.4 MB to 91.2 MB.
Total: 2.777900 ms (FindLiveObjects: 0.327700 ms CreateObjectMapping: 0.054300 ms MarkObjects: 2.281500 ms  DeleteObjects: 0.113100 ms)

AssetImportParameters requested are different than current active one (requested -> active):
  custom:video-decoder-ogg-theora: a1e56fd34408186e4bbccfd4996cb3dc -> 
  custom:container-muxer-webm: aa71ff27fc2769a1b78a27578f13a17b -> 
  custom:container-demuxer-webm: 4f35f7cbe854078d1ac9338744f61a02 -> 
  custom:video-encoder-webm-vp8: eb34c28f22e8b96e1ab97ce403110664 -> 
  custom:video-codec-MediaFoundation-h265: e54d7ab0439102e2317fc1e4b246158d -> 
  custom:audio-encoder-webm-vorbis: bf7c407c2cedff20999df2af8eb42d56 -> 
  custom:framework-win-MediaFoundation: 216162199b28c13a410421893ffa2e32 -> 
  custom:container-demuxer-ogg: 62fdf1f143b41e24485cea50d1cbac27 -> 
  custom:video-decoder-webm-vp8: 9c59270c3fd7afecdb556c50c9e8de78 -> 
  custom:audio-decoder-ogg-vorbis: bf7c407c2cedff20999df2af8eb42d56 -> 
========================================================================
Received Import Request.
  Time since last request: 4956.498377 seconds.
  path: Assets/ARDKExamples
  artifactKey: Guid(6a29ee20f0b82411dafc5196ebab1a64) Importer(815301076,1909f56bfc062723c751e8b465ee728b)
Start importing Assets/ARDKExamples using Guid(6a29ee20f0b82411dafc5196ebab1a64) Importer(815301076,1909f56bfc062723c751e8b465ee728b)  -> (artifact id: 'b9ba7f7d6f62807529cf574156bdc0d1') in 0.009103 seconds 
========================================================================
Received Import Request.
  Time since last request: 0.063980 seconds.
  path: Assets/ARDKExamples/ARDK-Examples.asmdef
  artifactKey: Guid(79582743010684bb59de6cfe6965f7ca) Importer(815301076,1909f56bfc062723c751e8b465ee728b)
Start importing Assets/ARDKExamples/ARDK-Examples.asmdef using Guid(79582743010684bb59de6cfe6965f7ca) Importer(815301076,1909f56bfc062723c751e8b465ee728b)  -> (artifact id: '06635404653a1b266e45e23e83dc4c1b') in 0.016354 seconds 
========================================================================
Received Import Request.
  Time since last request: 12.386396 seconds.
  path: Assets/ARDKExamples/Common/Logging/ScrollingLog.prefab
  artifactKey: Guid(53d58211943764d66a747d5ba617615e) Importer(815301076,1909f56bfc062723c751e8b465ee728b)
Start importing Assets/ARDKExamples/Common/Logging/ScrollingLog.prefab using Guid(53d58211943764d66a747d5ba617615e) Importer(815301076,1909f56bfc062723c751e8b465ee728b)  -> (artifact id: 'c685ee944f3ff1eaee6e9a7db2c6d41c') in 0.037661 seconds 
========================================================================
Received Import Request.
  Time since last request: 2.721981 seconds.
  path: Assets/ARDKExamples/SceneSelector/SceneSelector.unity
  artifactKey: Guid(84237189c8d04465ba3b54cde60f5d2e) Importer(815301076,1909f56bfc062723c751e8b465ee728b)
Start importing Assets/ARDKExamples/SceneSelector/SceneSelector.unity using Guid(84237189c8d04465ba3b54cde60f5d2e) Importer(815301076,1909f56bfc062723c751e8b465ee728b)  -> (artifact id: '39b733d58e05ddf4630aaf76071eb306') in 0.004812 seconds 
========================================================================
Received Import Request.
  Time since last request: 12.140716 seconds.
  path: Assets/ARDK/Extensions/FacePrefab.prefab
  artifactKey: Guid(1a351732d8dee472583b34d9c7b634a6) Importer(815301076,1909f56bfc062723c751e8b465ee728b)
Start importing Assets/ARDK/Extensions/FacePrefab.prefab using Guid(1a351732d8dee472583b34d9c7b634a6) Importer(815301076,1909f56bfc062723c751e8b465ee728b)  -> (artifact id: '578ba1f5218868f2f474ba38d56808f0') in 0.006429 seconds 
========================================================================
Received Import Request.
  Time since last request: 14.118128 seconds.
  path: Assets/ARDKExamples/AnchorsWithoutPlanes
  artifactKey: Guid(ead17447a79a1484fb9527b4addc19eb) Importer(815301076,1909f56bfc062723c751e8b465ee728b)
Start importing Assets/ARDKExamples/AnchorsWithoutPlanes using Guid(ead17447a79a1484fb9527b4addc19eb) Importer(815301076,1909f56bfc062723c751e8b465ee728b)  -> (artifact id: '714f1cf7bfda5b05928162f76e8bbd0e') in 0.004516 seconds 
========================================================================
Received Import Request.
  Time since last request: 1.994513 seconds.
  path: Assets/ARDKExamples/ARNetworking
  artifactKey: Guid(6eab079c2bbcd4967bdc6296e88fd360) Importer(815301076,1909f56bfc062723c751e8b465ee728b)
Start importing Assets/ARDKExamples/ARNetworking using Guid(6eab079c2bbcd4967bdc6296e88fd360) Importer(815301076,1909f56bfc062723c751e8b465ee728b)  -> (artifact id: '06f9e0582704e81f70ba3fa6f126856c') in 0.004426 seconds 
========================================================================
Received Import Request.
  Time since last request: 0.061538 seconds.
  path: Assets/ARDKExamples/ARNetworking/ARNetworkingPlayConfiguration.asset
  artifactKey: Guid(ee67dcccccc36456780edd8264c7cd23) Importer(815301076,1909f56bfc062723c751e8b465ee728b)
Start importing Assets/ARDKExamples/ARNetworking/ARNetworkingPlayConfiguration.asset using Guid(ee67dcccccc36456780edd8264c7cd23) Importer(815301076,1909f56bfc062723c751e8b465ee728b)  -> (artifact id: '7e3a37a74f63c7939005c1057d42d6d0') in 0.007857 seconds 
========================================================================
Received Import Request.
  Time since last request: 1.520720 seconds.
  path: Assets/ARDKExamples/Common
  artifactKey: Guid(8dc51e7a1f6c44a989b7067a0cf719c2) Importer(815301076,1909f56bfc062723c751e8b465ee728b)
Start importing Assets/ARDKExamples/Common using Guid(8dc51e7a1f6c44a989b7067a0cf719c2) Importer(815301076,1909f56bfc062723c751e8b465ee728b)  -> (artifact id: '83ea6ad7980f3af9138c284145c36f96') in 0.004921 seconds 
========================================================================
Received Import Request.
  Time since last request: 4.442328 seconds.
  path: Assets/ARDKExamples/VirtualStudio/Mock/PlayerPrefab.prefab
  artifactKey: Guid(f031e2b1b8e1b4f3699cecf8c3d87559) Importer(815301076,1909f56bfc062723c751e8b465ee728b)
Start importing Assets/ARDKExamples/VirtualStudio/Mock/PlayerPrefab.prefab using Guid(f031e2b1b8e1b4f3699cecf8c3d87559) Importer(815301076,1909f56bfc062723c751e8b465ee728b)  -> (artifact id: 'f7e16e4e8c23591dfd56a51c3135d274') in 0.070225 seconds 
========================================================================
Received Import Request.
  Time since last request: 45.085434 seconds.
  path: Assets/Scenes/Placement/Placement.unity
  artifactKey: Guid(57a7a966484caf44cade5b744c9160fe) Importer(815301076,1909f56bfc062723c751e8b465ee728b)
Start importing Assets/Scenes/Placement/Placement.unity using Guid(57a7a966484caf44cade5b744c9160fe) Importer(815301076,1909f56bfc062723c751e8b465ee728b)  -> (artifact id: '1ba8074bfccf74c61dad7d3804eb2724') in 0.005177 seconds 
========================================================================
Received Import Request.
  Time since last request: 11.703050 seconds.
  path: Assets/ARDKExamples/Common/Prefabs/AxisArrows.prefab
  artifactKey: Guid(8ea6ba9185f4246218235943a4583e17) Importer(815301076,1909f56bfc062723c751e8b465ee728b)
Start importing Assets/ARDKExamples/Common/Prefabs/AxisArrows.prefab using Guid(8ea6ba9185f4246218235943a4583e17) Importer(815301076,1909f56bfc062723c751e8b465ee728b)  -> (artifact id: '8dbf0eaed50a0a97ac5cb216ca051e8f') in 0.185381 seconds 
========================================================================
Received Import Request.
  Time since last request: 48.039985 seconds.
  path: Assets/ARDKExamples/PongHLAPI/Prefabs/Ball.prefab
  artifactKey: Guid(ae1596be78ed54da7a8dfc40cae0dca9) Importer(815301076,1909f56bfc062723c751e8b465ee728b)
Start importing Assets/ARDKExamples/PongHLAPI/Prefabs/Ball.prefab using Guid(ae1596be78ed54da7a8dfc40cae0dca9) Importer(815301076,1909f56bfc062723c751e8b465ee728b)  -> (artifact id: '1c29896d399433a226734efa9a9d776d') in 0.014453 seconds 
========================================================================
Received Import Request.
  Time since last request: 0.000014 seconds.
  path: Assets/ARDK/Extensions/Depth/MeshDepthChunk.prefab
  artifactKey: Guid(3ed565107be414e4eb77e8133def6fc9) Importer(815301076,1909f56bfc062723c751e8b465ee728b)
Start importing Assets/ARDK/Extensions/Depth/MeshDepthChunk.prefab using Guid(3ed565107be414e4eb77e8133def6fc9) Importer(815301076,1909f56bfc062723c751e8b465ee728b)  -> (artifact id: '80931eb42e5536fc95bbc7e9f0259a34') in 0.010313 seconds 
========================================================================
Received Import Request.
  Time since last request: 0.000020 seconds.
  path: Assets/ARDKExamples/Common/Helpers/Networking/SyncStateTrackingList.prefab
  artifactKey: Guid(268571b87afb040ec863002de7c0690f) Importer(815301076,1909f56bfc062723c751e8b465ee728b)
Start importing Assets/ARDKExamples/Common/Helpers/Networking/SyncStateTrackingList.prefab using Guid(268571b87afb040ec863002de7c0690f) Importer(815301076,1909f56bfc062723c751e8b465ee728b)  -> (artifact id: '06664a85fdae0eb6b090d2b2075e4920') in 0.009110 seconds 
========================================================================
Received Import Request.
  Time since last request: 0.000016 seconds.
  path: Assets/ARDKExamples/Common/Helpers/Networking/SessionIDField.prefab
  artifactKey: Guid(f8d39701d4e29402a87179e5cf1fb258) Importer(815301076,1909f56bfc062723c751e8b465ee728b)
Start importing Assets/ARDKExamples/Common/Helpers/Networking/SessionIDField.prefab using Guid(f8d39701d4e29402a87179e5cf1fb258) Importer(815301076,1909f56bfc062723c751e8b465ee728b)  -> (artifact id: '57ed0afe301a52812db50b957ebdcedf') in 0.008879 seconds 
========================================================================
Received Import Request.
  Time since last request: 0.000019 seconds.
  path: Assets/ARDKExamples/ContextAwareness/Gameboard/YetiAgent.prefab
  artifactKey: Guid(ac9cd76dd4c754173bf975a1036893bd) Importer(815301076,1909f56bfc062723c751e8b465ee728b)
Start importing Assets/ARDKExamples/ContextAwareness/Gameboard/YetiAgent.prefab using Guid(ac9cd76dd4c754173bf975a1036893bd) Importer(815301076,1909f56bfc062723c751e8b465ee728b)  -> (artifact id: 'f169b44453671922648cc23bd4652c57') in 0.356061 seconds 
Editor requested this worker to shutdown with reason: Scaling down because of idle timeout
AssetImportWorker is now disconnected from the server
Process exiting
Exiting without the bug reporter. Application will terminate with return code 0